[21:51:55] [main/INFO]: Setting user: ForgeDevName
[21:51:57] [Client thread/INFO]: LWJGL Version: 2.9.1
[21:52:08] [Client thread/INFO]: Reloading ResourceManager: Default, FMLFileResourcePack:Forge Mod Loader, FMLFileResourcePack:Minecraft Forge, FMLFileResourcePack:CCMODNAME
[21:52:09] [Sound Library Loader/INFO]: Sound engine started
[21:52:11] [Client thread/INFO]: Created: 512x256 textures/blocks-atlas
[21:52:12] [Client thread/ERROR]: Using missing texture, unable to load minecraft:textures/items/MISSING_ICON_ITEM_4096_billbrick.png
java.io.FileNotFoundException: minecraft:textures/items/MISSING_ICON_ITEM_4096_billbrick.png
	at net.minecraft.client.resources.FallbackResourceManager.getResource(FallbackResourceManager.java:65) ~[FallbackResourceManager.class:?]
	at net.minecraft.client.resources.SimpleReloadableResourceManager.getResource(SimpleReloadableResourceManager.java:67) ~[SimpleReloadableResourceManager.class:?]
	at net.minecraft.client.renderer.texture.TextureMap.loadTextureAtlas(TextureMap.java:126) [TextureMap.class:?]
	at net.minecraft.client.renderer.texture.TextureMap.loadTexture(TextureMap.java:91) [TextureMap.class:?]
	at net.minecraft.client.renderer.texture.TextureManager.loadTexture(TextureManager.java:89) [TextureManager.class:?]
	at net.minecraft.client.renderer.texture.TextureManager.loadTickableTexture(TextureManager.java:71) [TextureManager.class:?]
	at net.minecraft.client.renderer.texture.TextureManager.loadTextureMap(TextureManager.java:58) [TextureManager.class:?]
	at net.minecraft.client.Minecraft.startGame(Minecraft.java:593) [Minecraft.class:?]
	at net.minecraft.client.Minecraft.run(Minecraft.java:941) [Minecraft.class:?]
	at net.minecraft.client.main.Main.main(Main.java:164) [Main.class:?]
	at sun.reflect.NativeMethodAccessorImpl.invoke0(Native Method) ~[?:1.7.0_40]
	at sun.reflect.NativeMethodAccessorImpl.invoke(NativeMethodAccessorImpl.java:57) ~[?:1.7.0_40]
	at sun.reflect.DelegatingMethodAccessorImpl.invoke(DelegatingMethodAccessorImpl.java:43) ~[?:1.7.0_40]
	at java.lang.reflect.Method.invoke(Method.java:606) ~[?:1.7.0_40]
	at net.minecraft.launchwrapper.Launch.launch(Launch.java:134) [launchwrapper-1.9.jar:?]
	at net.minecraft.launchwrapper.Launch.main(Launch.java:28) [launchwrapper-1.9.jar:?]
	at sun.reflect.NativeMethodAccessorImpl.invoke0(Native Method) ~[?:1.7.0_40]
	at sun.reflect.NativeMethodAccessorImpl.invoke(NativeMethodAccessorImpl.java:57) ~[?:1.7.0_40]
	at sun.reflect.DelegatingMethodAccessorImpl.invoke(DelegatingMethodAccessorImpl.java:43) ~[?:1.7.0_40]
	at java.lang.reflect.Method.invoke(Method.java:606) ~[?:1.7.0_40]
	at GradleStart.bounce(GradleStart.java:108) [start/:?]
	at GradleStart.startClient(GradleStart.java:101) [start/:?]
	at GradleStart.main(GradleStart.java:56) [start/:?]
[21:52:12] [Client thread/INFO]: Created: 256x256 textures/items-atlas
[21:52:12] [Client thread/INFO]: Reloading ResourceManager: Default, FMLFileResourcePack:Forge Mod Loader, FMLFileResourcePack:Minecraft Forge, FMLFileResourcePack:CCMODNAME
[21:52:12] [Client thread/ERROR]: Using missing texture, unable to load minecraft:textures/items/MISSING_ICON_ITEM_4096_billbrick.png
java.io.FileNotFoundException: minecraft:textures/items/MISSING_ICON_ITEM_4096_billbrick.png
	at net.minecraft.client.resources.FallbackResourceManager.getResource(FallbackResourceManager.java:65) ~[FallbackResourceManager.class:?]
	at net.minecraft.client.resources.SimpleReloadableResourceManager.getResource(SimpleReloadableResourceManager.java:67) ~[SimpleReloadableResourceManager.class:?]
	at net.minecraft.client.renderer.texture.TextureMap.loadTextureAtlas(TextureMap.java:126) [TextureMap.class:?]
	at net.minecraft.client.renderer.texture.TextureMap.loadTexture(TextureMap.java:91) [TextureMap.class:?]
	at net.minecraft.client.renderer.texture.TextureManager.loadTexture(TextureManager.java:89) [TextureManager.class:?]
	at net.minecraft.client.renderer.texture.TextureManager.onResourceManagerReload(TextureManager.java:170) [TextureManager.class:?]
	at net.minecraft.client.resources.SimpleReloadableResourceManager.notifyReloadListeners(SimpleReloadableResourceManager.java:134) [SimpleReloadableResourceManager.class:?]
	at net.minecraft.client.resources.SimpleReloadableResourceManager.reloadResources(SimpleReloadableResourceManager.java:118) [SimpleReloadableResourceManager.class:?]
	at net.minecraft.client.Minecraft.refreshResources(Minecraft.java:653) [Minecraft.class:?]
	at cpw.mods.fml.client.FMLClientHandler.finishMinecraftLoading(FMLClientHandler.java:303) [FMLClientHandler.class:?]
	at net.minecraft.client.Minecraft.startGame(Minecraft.java:596) [Minecraft.class:?]
	at net.minecraft.client.Minecraft.run(Minecraft.java:941) [Minecraft.class:?]
	at net.minecraft.client.main.Main.main(Main.java:164) [Main.class:?]
	at sun.reflect.NativeMethodAccessorImpl.invoke0(Native Method) ~[?:1.7.0_40]
	at sun.reflect.NativeMethodAccessorImpl.invoke(NativeMethodAccessorImpl.java:57) ~[?:1.7.0_40]
	at sun.reflect.DelegatingMethodAccessorImpl.invoke(DelegatingMethodAccessorImpl.java:43) ~[?:1.7.0_40]
	at java.lang.reflect.Method.invoke(Method.java:606) ~[?:1.7.0_40]
	at net.minecraft.launchwrapper.Launch.launch(Launch.java:134) [launchwrapper-1.9.jar:?]
	at net.minecraft.launchwrapper.Launch.main(Launch.java:28) [launchwrapper-1.9.jar:?]
	at sun.reflect.NativeMethodAccessorImpl.invoke0(Native Method) ~[?:1.7.0_40]
	at sun.reflect.NativeMethodAccessorImpl.invoke(NativeMethodAccessorImpl.java:57) ~[?:1.7.0_40]
	at sun.reflect.DelegatingMethodAccessorImpl.invoke(DelegatingMethodAccessorImpl.java:43) ~[?:1.7.0_40]
	at java.lang.reflect.Method.invoke(Method.java:606) ~[?:1.7.0_40]
	at GradleStart.bounce(GradleStart.java:108) [start/:?]
	at GradleStart.startClient(GradleStart.java:101) [start/:?]
	at GradleStart.main(GradleStart.java:56) [start/:?]
[21:52:12] [Client thread/INFO]: Created: 256x256 textures/items-atlas
[21:52:12] [Client thread/INFO]: Created: 512x256 textures/blocks-atlas
[21:52:13] [Sound Library Loader/INFO]: Sound engine started
[21:52:19] [Server thread/INFO]: Starting integrated minecraft server version 1.7.10
[21:52:19] [Server thread/INFO]: Generating keypair
[21:52:19] [Server thread/INFO]: Preparing start region for level 0
[21:52:20] [Server thread/INFO]: Changing view distance to 12, from 10
[21:52:21] [Server thread/INFO]: ForgeDevName[local:E:afeb8691] logged in with entity id 177 at (928.9661750975532, 4.0, 739.2906060633031)
[21:52:21] [Server thread/INFO]: ForgeDevName joined the game
[21:54:42] [Server thread/INFO]: Saving and pausing game...
[21:54:42] [Server thread/INFO]: Saving chunks for level 'New World'/Overworld
[21:54:43] [Server thread/INFO]: Saving chunks for level 'New World'/Nether
[21:54:43] [Server thread/INFO]: Saving chunks for level 'New World'/The End
[21:54:43] [Server thread/INFO]: Stopping server
[21:54:43] [Server thread/INFO]: Saving players
[21:54:43] [Server thread/INFO]: Saving worlds
[21:54:43] [Server thread/INFO]: Saving chunks for level 'New World'/Overworld
[21:54:43] [Server thread/INFO]: Saving chunks for level 'New World'/Nether
[21:54:43] [Server thread/INFO]: Saving chunks for level 'New World'/The End
[21:54:45] [Client thread/INFO]: Stopping!
